#
# There is insufficient memory for the Java Runtime Environment to continue.
# Native memory allocation (malloc) failed to allocate 32744 bytes. Error detail: Chunk::new
# Possible reasons:
#   The system is out of physical RAM or swap space
#   This process is running with CompressedOops enabled, and the Java Heap may be blocking the growth of the native heap
# Possible solutions:
#   Reduce memory load on the system
#   Increase physical memory or swap space
#   Check if swap backing store is full
#   Decrease Java heap size (-Xmx/-Xms)
#   Decrease number of Java threads
#   Decrease Java thread stack sizes (-Xss)
#   Set larger code cache with -XX:ReservedCodeCacheSize=
#   JVM is running with Unscaled Compressed Oops mode in which the Java heap is
#     placed in the first 4GB address space. The Java Heap base address is the
#     maximum limit for the native heap growth. Please use -XX:HeapBaseMinAddress
#     to set the Java Heap base and to place the Java Heap above 4GB virtual address.
# This output file may be truncated or incomplete.
#
#  Out of Memory Error (arena.cpp:168), pid=17780, tid=1900
#
# JRE version: OpenJDK Runtime Environment (21.0.3) (build 21.0.3+-12282718-b509.11)
# Java VM: OpenJDK 64-Bit Server VM (21.0.3+-12282718-b509.11, mixed mode, tiered, compressed oops, compressed class ptrs, g1 gc, windows-amd64)
# No core dump will be written. Minidumps are not enabled by default on client versions of Windows
#

---------------  S U M M A R Y ------------

Command Line: -Dorg.gradle.appname=gradlew org.gradle.wrapper.GradleWrapperMain -q -Ptarget-platform=android-x64 -Ptarget=C:\Users\ramvi\Desktop\seasafe\seasafe\lib\main.dart -Pbase-application-name=android.app.Application -Pdart-defines=RkxVVFRFUl9WRVJTSU9OPTMuMzUuMw==,RkxVVFRFUl9DSEFOTkVMPXN0YWJsZQ==,RkxVVFRFUl9HSVRfVVJMPWh0dHBzOi8vZ2l0aHViLmNvbS9mbHV0dGVyL2ZsdXR0ZXIuZ2l0,RkxVVFRFUl9GUkFNRVdPUktfUkVWSVNJT049YTQwMmQ5YTQzNw==,RkxVVFRFUl9FTkdJTkVfUkVWSVNJT049ZGRmNDdkZDNmZg==,RkxVVFRFUl9EQVJUX1ZFUlNJT049My45LjI= -Pdart-obfuscation=false -Ptrack-widget-creation=true -Ptree-shake-icons=false -Pfilesystem-scheme=org-dartlang-root assembleDebug

Host: Intel(R) Core(TM) i5-8250U CPU @ 1.60GHz, 8 cores, 7G,  Windows 11 , 64 bit Build 26100 (10.0.26100.6682)
Time: Tue Sep 16 13:42:20 2025 India Standard Time elapsed time: 27.851800 seconds (0d 0h 0m 27s)

---------------  T H R E A D  ---------------

Current thread (0x00000214b41f2d80):  JavaThread "C2 CompilerThread0" daemon [_thread_in_native, id=1900, stack(0x000000e4b6800000,0x000000e4b6900000) (1024K)]


Current CompileTask:
C2:  27852 1721   !   4       java.util.concurrent.ConcurrentHashMap::transfer (849 bytes)

Stack: [0x000000e4b6800000,0x000000e4b6900000]
Native frames: (J=compiled Java code, j=interpreted, Vv=VM code, C=native code)
V  [jvm.dll+0x6cafb9]
V  [jvm.dll+0x858523]
V  [jvm.dll+0x85aa7e]
V  [jvm.dll+0x85b163]
V  [jvm.dll+0x27d356]
V  [jvm.dll+0xbf93d]
V  [jvm.dll+0xbfe73]
V  [jvm.dll+0x2e4792]
V  [jvm.dll+0x80eca7]
V  [jvm.dll+0x2461e1]
V  [jvm.dll+0x2456cf]
V  [jvm.dll+0x1c5804]
V  [jvm.dll+0x25575c]
V  [jvm.dll+0x253c36]
V  [jvm.dll+0x3ec996]
V  [jvm.dll+0x800d78]
V  [jvm.dll+0x6c98cd]
C  [ucrtbase.dll+0x37b0]
C  [KERNEL32.DLL+0x2e8d7]
C  [ntdll.dll+0x8c53c]


---------------  P R O C E S S  ---------------

Threads class SMR info:
_java_thread_list=0x00000214b969ad90, length=12, elements={
0x000002149ad9f4e0, 0x00000214b41e0590, 0x00000214b41ea520, 0x00000214b41f7840,
0x00000214b41f82a0, 0x00000214b41f6080, 0x00000214b42125f0, 0x00000214b41f2d80,
0x00000214b4216e70, 0x00000214b42e41a0, 0x00000214b42e20d0, 0x00000214b42e3b10
}

Java Threads: ( => current thread )
  0x000002149ad9f4e0 JavaThread "main"                              [_thread_in_vm, id=8816, stack(0x000000e4b5a00000,0x000000e4b5b00000) (1024K)]
  0x00000214b41e0590 JavaThread "Reference Handler"          daemon [_thread_blocked, id=7568, stack(0x000000e4b6200000,0x000000e4b6300000) (1024K)]
  0x00000214b41ea520 JavaThread "Finalizer"                  daemon [_thread_blocked, id=2092, stack(0x000000e4b6300000,0x000000e4b6400000) (1024K)]
  0x00000214b41f7840 JavaThread "Signal Dispatcher"          daemon [_thread_blocked, id=6332, stack(0x000000e4b6400000,0x000000e4b6500000) (1024K)]
  0x00000214b41f82a0 JavaThread "Attach Listener"            daemon [_thread_blocked, id=11972, stack(0x000000e4b6500000,0x000000e4b6600000) (1024K)]
  0x00000214b41f6080 JavaThread "Service Thread"             daemon [_thread_blocked, id=17292, stack(0x000000e4b6600000,0x000000e4b6700000) (1024K)]
  0x00000214b42125f0 JavaThread "Monitor Deflation Thread"   daemon [_thread_blocked, id=4764, stack(0x000000e4b6700000,0x000000e4b6800000) (1024K)]
=>0x00000214b41f2d80 JavaThread "C2 CompilerThread0"         daemon [_thread_in_native, id=1900, stack(0x000000e4b6800000,0x000000e4b6900000) (1024K)]
  0x00000214b4216e70 JavaThread "C1 CompilerThread0"         daemon [_thread_in_vm, id=6716, stack(0x000000e4b6900000,0x000000e4b6a00000) (1024K)]
  0x00000214b42e41a0 JavaThread "Notification Thread"        daemon [_thread_blocked, id=7552, stack(0x000000e4b6a00000,0x000000e4b6b00000) (1024K)]
  0x00000214b42e20d0 JavaThread "Common-Cleaner"             daemon [_thread_blocked, id=5212, stack(0x000000e4b6b00000,0x000000e4b6c00000) (1024K)]
  0x00000214b42e3b10 JavaThread "pool-1-thread-1"                   [_thread_blocked, id=17248, stack(0x000000e4b6c00000,0x000000e4b6d00000) (1024K)]
Total: 12

Other Threads:
  0x00000214b4188450 VMThread "VM Thread"                           [id=11916, stack(0x000000e4b6100000,0x000000e4b6200000) (1024K)]
  0x00000214b3fb29f0 WatcherThread "VM Periodic Task Thread"        [id=18312, stack(0x000000e4b6000000,0x000000e4b6100000) (1024K)]
  0x000002149adeffd0 WorkerThread "GC Thread#0"                     [id=18120, stack(0x000000e4b5b00000,0x000000e4b5c00000) (1024K)]
  0x00000214b4d46250 WorkerThread "GC Thread#1"                     [id=14160, stack(0x000000e4b6e00000,0x000000e4b6f00000) (1024K)]
  0x00000214b4a2ab20 WorkerThread "GC Thread#2"                     [id=1752, stack(0x000000e4b6f00000,0x000000e4b7000000) (1024K)]
  0x00000214b49a6100 WorkerThread "GC Thread#3"                     [id=6964, stack(0x000000e4b7000000,0x000000e4b7100000) (1024K)]
  0x00000214b93edfd0 WorkerThread "GC Thread#4"                     [id=16472, stack(0x000000e4b7200000,0x000000e4b7300000) (1024K)]
  0x00000214b97fd2c0 WorkerThread "GC Thread#5"                     [id=2512, stack(0x000000e4b7400000,0x000000e4b7500000) (1024K)]
  0x00000214b9809a00 WorkerThread "GC Thread#6"                     [id=2516, stack(0x000000e4b7500000,0x000000e4b7600000) (1024K)]
  0x00000214b98125a0 WorkerThread "GC Thread#7"                     [id=1356, stack(0x000000e4b7600000,0x000000e4b7700000) (1024K)]
  0x000002149ae00b40 ConcurrentGCThread "G1 Main Marker"            [id=9984, stack(0x000000e4b5c00000,0x000000e4b5d00000) (1024K)]
  0x000002149ae01550 WorkerThread "G1 Conc#0"                       [id=16684, stack(0x000000e4b5d00000,0x000000e4b5e00000) (1024K)]
  0x00000214b3e77500 ConcurrentGCThread "G1 Refine#0"               [id=3952, stack(0x000000e4b5e00000,0x000000e4b5f00000) (1024K)]
  0x00000214b3e77e80 ConcurrentGCThread "G1 Service"                [id=4004, stack(0x000000e4b5f00000,0x000000e4b6000000) (1024K)]
Total: 14

Threads with active compile tasks:
C2 CompilerThread0    30894 1721   !   4       java.util.concurrent.ConcurrentHashMap::transfer (849 bytes)
C1 CompilerThread0    30894 1735   !   3       java.util.concurrent.locks.AbstractQueuedSynchronizer$ConditionObject::newConditionNode (78 bytes)
Total: 2

VM state: not at safepoint (normal execution)

VM Mutex/Monitor currently owned by a thread:  ([mutex/lock_event])
[0x00007ffbb754fec8] Metaspace_lock - owner thread: 0x000002149ad9f4e0

Heap address: 0x0000000081c00000, size: 2020 MB, Compressed Oops mode: 32-bit

CDS archive(s) not mapped
Compressed class space mapped at: 0x0000000100000000-0x0000000140000000, reserved size: 1073741824
Narrow klass base: 0x0000000000000000, Narrow klass shift: 3, Narrow klass range: 0x140000000

GC Precious Log:
 CardTable entry size: 512
 Card Set container configuration: InlinePtr #cards 5 size 8 Array Of Cards #cards 12 size 40 Howl #buckets 4 coarsen threshold 1843 Howl Bitmap #cards 512 size 80 coarsen threshold 460 Card regions per heap region 1 cards per card region 2048
 CPUs: 8 total, 8 available
 Memory: 8073M
 Large Page Support: Disabled
 NUMA Support: Disabled
 Compressed Oops: Enabled (32-bit)
 Heap Region Size: 1M
 Heap Min Capacity: 8M
 Heap Initial Capacity: 128M
 Heap Max Capacity: 2020M
 Pre-touch: Disabled
 Parallel Workers: 8
 Concurrent Workers: 2
 Concurrent Refinement Workers: 8
 Periodic GC: Disabled

Heap:
 garbage-first heap   total 131072K, used 13641K [0x0000000081c00000, 0x0000000100000000)
  region size 1024K, 6 young (6144K), 4 survivors (4096K)
 Metaspace       used 18902K, committed 19200K, reserved 1114112K
  class space    used 2179K, committed 2304K, reserved 1048576K

Heap Regions: E=young(eden), S=young(survivor), O=old, HS=humongous(starts), HC=humongous(continues), CS=collection set, F=free, TAMS=top-at-mark-start, PB=parsable bottom
|   0|0x0000000081c00000, 0x0000000081d00000, 0x0000000081d00000|100%| O|  |TAMS 0x0000000081c00000| PB 0x0000000081c00000| Untracked 
|   1|0x0000000081d00000, 0x0000000081e00000, 0x0000000081e00000|100%| O|  |TAMS 0x0000000081d00000| PB 0x0000000081d00000| Untracked 
|   2|0x0000000081e00000, 0x0000000081f00000, 0x0000000081f00000|100%|HS|  |TAMS 0x0000000081e00000| PB 0x0000000081e00000| Complete 
|   3|0x0000000081f00000, 0x0000000082000000, 0x0000000082000000|100%|HC|  |TAMS 0x0000000081f00000| PB 0x0000000081f00000| Complete 
|   4|0x0000000082000000, 0x0000000082100000, 0x0000000082100000|100%|HC|  |TAMS 0x0000000082000000| PB 0x0000000082000000| Complete 
|   5|0x0000000082100000, 0x0000000082200000, 0x0000000082200000|100%|HC|  |TAMS 0x0000000082100000| PB 0x0000000082100000| Complete 
|   6|0x0000000082200000, 0x0000000082300000, 0x0000000082300000|100%| O|  |TAMS 0x0000000082200000| PB 0x0000000082200000| Untracked 
|   7|0x0000000082300000, 0x0000000082400000, 0x0000000082400000|100%| O|  |TAMS 0x0000000082300000| PB 0x0000000082300000| Untracked 
|   8|0x0000000082400000, 0x0000000082452470, 0x0000000082500000| 32%| O|  |TAMS 0x0000000082400000| PB 0x0000000082400000| Untracked 
|   9|0x0000000082500000, 0x0000000082500000, 0x0000000082600000|  0%| F|  |TAMS 0x0000000082500000| PB 0x0000000082500000| Untracked 
|  10|0x0000000082600000, 0x0000000082600000, 0x0000000082700000|  0%| F|  |TAMS 0x0000000082600000| PB 0x0000000082600000| Untracked 
|  11|0x0000000082700000, 0x0000000082700000, 0x0000000082800000|  0%| F|  |TAMS 0x0000000082700000| PB 0x0000000082700000| Untracked 
|  12|0x0000000082800000, 0x0000000082800000, 0x0000000082900000|  0%| F|  |TAMS 0x0000000082800000| PB 0x0000000082800000| Untracked 
|  13|0x0000000082900000, 0x0000000082900000, 0x0000000082a00000|  0%| F|  |TAMS 0x0000000082900000| PB 0x0000000082900000| Untracked 
|  14|0x0000000082a00000, 0x0000000082a00000, 0x0000000082b00000|  0%| F|  |TAMS 0x0000000082a00000| PB 0x0000000082a00000| Untracked 
|  15|0x0000000082b00000, 0x0000000082b00000, 0x0000000082c00000|  0%| F|  |TAMS 0x0000000082b00000| PB 0x0000000082b00000| Untracked 
|  16|0x0000000082c00000, 0x0000000082c00000, 0x0000000082d00000|  0%| F|  |TAMS 0x0000000082c00000| PB 0x0000000082c00000| Untracked 
|  17|0x0000000082d00000, 0x0000000082d00000, 0x0000000082e00000|  0%| F|  |TAMS 0x0000000082d00000| PB 0x0000000082d00000| Untracked 
|  18|0x0000000082e00000, 0x0000000082e00000, 0x0000000082f00000|  0%| F|  |TAMS 0x0000000082e00000| PB 0x0000000082e00000| Untracked 
|  19|0x0000000082f00000, 0x0000000082f00000, 0x0000000083000000|  0%| F|  |TAMS 0x0000000082f00000| PB 0x0000000082f00000| Untracked 
|  20|0x0000000083000000, 0x0000000083000000, 0x0000000083100000|  0%| F|  |TAMS 0x0000000083000000| PB 0x0000000083000000| Untracked 
|  21|0x0000000083100000, 0x0000000083100000, 0x0000000083200000|  0%| F|  |TAMS 0x0000000083100000| PB 0x0000000083100000| Untracked 
|  22|0x0000000083200000, 0x0000000083200000, 0x0000000083300000|  0%| F|  |TAMS 0x0000000083200000| PB 0x0000000083200000| Untracked 
|  23|0x0000000083300000, 0x0000000083300000, 0x0000000083400000|  0%| F|  |TAMS 0x0000000083300000| PB 0x0000000083300000| Untracked 
|  24|0x0000000083400000, 0x0000000083400000, 0x0000000083500000|  0%| F|  |TAMS 0x0000000083400000| PB 0x0000000083400000| Untracked 
|  25|0x0000000083500000, 0x0000000083500000, 0x0000000083600000|  0%| F|  |TAMS 0x0000000083500000| PB 0x0000000083500000| Untracked 
|  26|0x0000000083600000, 0x0000000083600000, 0x0000000083700000|  0%| F|  |TAMS 0x0000000083600000| PB 0x0000000083600000| Untracked 
|  27|0x0000000083700000, 0x0000000083700000, 0x0000000083800000|  0%| F|  |TAMS 0x0000000083700000| PB 0x0000000083700000| Untracked 
|  28|0x0000000083800000, 0x0000000083800000, 0x0000000083900000|  0%| F|  |TAMS 0x0000000083800000| PB 0x0000000083800000| Untracked 
|  29|0x0000000083900000, 0x0000000083900000, 0x0000000083a00000|  0%| F|  |TAMS 0x0000000083900000| PB 0x0000000083900000| Untracked 
|  30|0x0000000083a00000, 0x0000000083a00000, 0x0000000083b00000|  0%| F|  |TAMS 0x0000000083a00000| PB 0x0000000083a00000| Untracked 
|  31|0x0000000083b00000, 0x0000000083b00000, 0x0000000083c00000|  0%| F|  |TAMS 0x0000000083b00000| PB 0x0000000083b00000| Untracked 
|  32|0x0000000083c00000, 0x0000000083c00000, 0x0000000083d00000|  0%| F|  |TAMS 0x0000000083c00000| PB 0x0000000083c00000| Untracked 
|  33|0x0000000083d00000, 0x0000000083d00000, 0x0000000083e00000|  0%| F|  |TAMS 0x0000000083d00000| PB 0x0000000083d00000| Untracked 
|  34|0x0000000083e00000, 0x0000000083e00000, 0x0000000083f00000|  0%| F|  |TAMS 0x0000000083e00000| PB 0x0000000083e00000| Untracked 
|  35|0x0000000083f00000, 0x0000000083f00000, 0x0000000084000000|  0%| F|  |TAMS 0x0000000083f00000| PB 0x0000000083f00000| Untracked 
|  36|0x0000000084000000, 0x0000000084000000, 0x0000000084100000|  0%| F|  |TAMS 0x0000000084000000| PB 0x0000000084000000| Untracked 
|  37|0x0000000084100000, 0x0000000084100000, 0x0000000084200000|  0%| F|  |TAMS 0x0000000084100000| PB 0x0000000084100000| Untracked 
|  38|0x0000000084200000, 0x0000000084200000, 0x0000000084300000|  0%| F|  |TAMS 0x0000000084200000| PB 0x0000000084200000| Untracked 
|  39|0x0000000084300000, 0x0000000084300000, 0x0000000084400000|  0%| F|  |TAMS 0x0000000084300000| PB 0x0000000084300000| Untracked 
|  40|0x0000000084400000, 0x0000000084400000, 0x0000000084500000|  0%| F|  |TAMS 0x0000000084400000| PB 0x0000000084400000| Untracked 
|  41|0x0000000084500000, 0x0000000084500000, 0x0000000084600000|  0%| F|  |TAMS 0x0000000084500000| PB 0x0000000084500000| Untracked 
|  42|0x0000000084600000, 0x0000000084600000, 0x0000000084700000|  0%| F|  |TAMS 0x0000000084600000| PB 0x0000000084600000| Untracked 
|  43|0x0000000084700000, 0x0000000084700000, 0x0000000084800000|  0%| F|  |TAMS 0x0000000084700000| PB 0x0000000084700000| Untracked 
|  44|0x0000000084800000, 0x0000000084800000, 0x0000000084900000|  0%| F|  |TAMS 0x0000000084800000| PB 0x0000000084800000| Untracked 
|  45|0x0000000084900000, 0x0000000084900000, 0x0000000084a00000|  0%| F|  |TAMS 0x0000000084900000| PB 0x0000000084900000| Untracked 
|  46|0x0000000084a00000, 0x0000000084a00000, 0x0000000084b00000|  0%| F|  |TAMS 0x0000000084a00000| PB 0x0000000084a00000| Untracked 
|  47|0x0000000084b00000, 0x0000000084b00000, 0x0000000084c00000|  0%| F|  |TAMS 0x0000000084b00000| PB 0x0000000084b00000| Untracked 
|  48|0x0000000084c00000, 0x0000000084c00000, 0x0000000084d00000|  0%| F|  |TAMS 0x0000000084c00000| PB 0x0000000084c00000| Untracked 
|  49|0x0000000084d00000, 0x0000000084d00000, 0x0000000084e00000|  0%| F|  |TAMS 0x0000000084d00000| PB 0x0000000084d00000| Untracked 
|  50|0x0000000084e00000, 0x0000000084e00000, 0x0000000084f00000|  0%| F|  |TAMS 0x0000000084e00000| PB 0x0000000084e00000| Untracked 
|  51|0x0000000084f00000, 0x0000000084f00000, 0x0000000085000000|  0%| F|  |TAMS 0x0000000084f00000| PB 0x0000000084f00000| Untracked 
|  52|0x0000000085000000, 0x0000000085000000, 0x0000000085100000|  0%| F|  |TAMS 0x0000000085000000| PB 0x0000000085000000| Untracked 
|  53|0x0000000085100000, 0x0000000085100000, 0x0000000085200000|  0%| F|  |TAMS 0x0000000085100000| PB 0x0000000085100000| Untracked 
|  54|0x0000000085200000, 0x0000000085200000, 0x0000000085300000|  0%| F|  |TAMS 0x0000000085200000| PB 0x0000000085200000| Untracked 
|  55|0x0000000085300000, 0x0000000085300000, 0x0000000085400000|  0%| F|  |TAMS 0x0000000085300000| PB 0x0000000085300000| Untracked 
|  56|0x0000000085400000, 0x0000000085400000, 0x0000000085500000|  0%| F|  |TAMS 0x0000000085400000| PB 0x0000000085400000| Untracked 
|  57|0x0000000085500000, 0x0000000085500000, 0x0000000085600000|  0%| F|  |TAMS 0x0000000085500000| PB 0x0000000085500000| Untracked 
|  58|0x0000000085600000, 0x0000000085600000, 0x0000000085700000|  0%| F|  |TAMS 0x0000000085600000| PB 0x0000000085600000| Untracked 
|  59|0x0000000085700000, 0x0000000085700000, 0x0000000085800000|  0%| F|  |TAMS 0x0000000085700000| PB 0x0000000085700000| Untracked 
|  60|0x0000000085800000, 0x0000000085800000, 0x0000000085900000|  0%| F|  |TAMS 0x0000000085800000| PB 0x0000000085800000| Untracked 
|  61|0x0000000085900000, 0x0000000085900000, 0x0000000085a00000|  0%| F|  |TAMS 0x0000000085900000| PB 0x0000000085900000| Untracked 
|  62|0x0000000085a00000, 0x0000000085a00000, 0x0000000085b00000|  0%| F|  |TAMS 0x0000000085a00000| PB 0x0000000085a00000| Untracked 
|  63|0x0000000085b00000, 0x0000000085b00000, 0x0000000085c00000|  0%| F|  |TAMS 0x0000000085b00000| PB 0x0000000085b00000| Untracked 
|  64|0x0000000085c00000, 0x0000000085c00000, 0x0000000085d00000|  0%| F|  |TAMS 0x0000000085c00000| PB 0x0000000085c00000| Untracked 
|  65|0x0000000085d00000, 0x0000000085d00000, 0x0000000085e00000|  0%| F|  |TAMS 0x0000000085d00000| PB 0x0000000085d00000| Untracked 
|  66|0x0000000085e00000, 0x0000000085e00000, 0x0000000085f00000|  0%| F|  |TAMS 0x0000000085e00000| PB 0x0000000085e00000| Untracked 
|  67|0x0000000085f00000, 0x0000000085f00000, 0x0000000086000000|  0%| F|  |TAMS 0x0000000085f00000| PB 0x0000000085f00000| Untracked 
|  68|0x0000000086000000, 0x0000000086000000, 0x0000000086100000|  0%| F|  |TAMS 0x0000000086000000| PB 0x0000000086000000| Untracked 
|  69|0x0000000086100000, 0x0000000086100000, 0x0000000086200000|  0%| F|  |TAMS 0x0000000086100000| PB 0x0000000086100000| Untracked 
|  70|0x0000000086200000, 0x0000000086200000, 0x0000000086300000|  0%| F|  |TAMS 0x0000000086200000| PB 0x0000000086200000| Untracked 
|  71|0x0000000086300000, 0x0000000086300000, 0x0000000086400000|  0%| F|  |TAMS 0x0000000086300000| PB 0x0000000086300000| Untracked 
|  72|0x0000000086400000, 0x0000000086400000, 0x0000000086500000|  0%| F|  |TAMS 0x0000000086400000| PB 0x0000000086400000| Untracked 
|  73|0x0000000086500000, 0x0000000086500000, 0x0000000086600000|  0%| F|  |TAMS 0x0000000086500000| PB 0x0000000086500000| Untracked 
|  74|0x0000000086600000, 0x0000000086600000, 0x0000000086700000|  0%| F|  |TAMS 0x0000000086600000| PB 0x0000000086600000| Untracked 
|  75|0x0000000086700000, 0x0000000086700000, 0x0000000086800000|  0%| F|  |TAMS 0x0000000086700000| PB 0x0000000086700000| Untracked 
|  76|0x0000000086800000, 0x0000000086800000, 0x0000000086900000|  0%| F|  |TAMS 0x0000000086800000| PB 0x0000000086800000| Untracked 
|  77|0x0000000086900000, 0x0000000086900000, 0x0000000086a00000|  0%| F|  |TAMS 0x0000000086900000| PB 0x0000000086900000| Untracked 
|  78|0x0000000086a00000, 0x0000000086a00000, 0x0000000086b00000|  0%| F|  |TAMS 0x0000000086a00000| PB 0x0000000086a00000| Untracked 
|  79|0x0000000086b00000, 0x0000000086b00000, 0x0000000086c00000|  0%| F|  |TAMS 0x0000000086b00000| PB 0x0000000086b00000| Untracked 
|  80|0x0000000086c00000, 0x0000000086c00000, 0x0000000086d00000|  0%| F|  |TAMS 0x0000000086c00000| PB 0x0000000086c00000| Untracked 
|  81|0x0000000086d00000, 0x0000000086d00000, 0x0000000086e00000|  0%| F|  |TAMS 0x0000000086d00000| PB 0x0000000086d00000| Untracked 
|  82|0x0000000086e00000, 0x0000000086e00000, 0x0000000086f00000|  0%| F|  |TAMS 0x0000000086e00000| PB 0x0000000086e00000| Untracked 
|  83|0x0000000086f00000, 0x0000000086f00000, 0x0000000087000000|  0%| F|  |TAMS 0x0000000086f00000| PB 0x0000000086f00000| Untracked 
|  84|0x0000000087000000, 0x0000000087000000, 0x0000000087100000|  0%| F|  |TAMS 0x0000000087000000| PB 0x0000000087000000| Untracked 
|  85|0x0000000087100000, 0x0000000087100000, 0x0000000087200000|  0%| F|  |TAMS 0x0000000087100000| PB 0x0000000087100000| Untracked 
|  86|0x0000000087200000, 0x0000000087200000, 0x0000000087300000|  0%| F|  |TAMS 0x0000000087200000| PB 0x0000000087200000| Untracked 
|  87|0x0000000087300000, 0x0000000087300000, 0x0000000087400000|  0%| F|  |TAMS 0x0000000087300000| PB 0x0000000087300000| Untracked 
|  88|0x0000000087400000, 0x0000000087400000, 0x0000000087500000|  0%| F|  |TAMS 0x0000000087400000| PB 0x0000000087400000| Untracked 
|  89|0x0000000087500000, 0x0000000087600000, 0x0000000087600000|100%| S|CS|TAMS 0x0000000087500000| PB 0x0000000087500000| Complete 
|  90|0x0000000087600000, 0x0000000087700000, 0x0000000087700000|100%| S|CS|TAMS 0x0000000087600000| PB 0x0000000087600000| Complete 
|  91|0x0000000087700000, 0x0000000087800000, 0x0000000087800000|100%| S|CS|TAMS 0x0000000087700000| PB 0x0000000087700000| Complete 
|  92|0x0000000087800000, 0x0000000087900000, 0x0000000087900000|100%| S|CS|TAMS 0x0000000087800000| PB 0x0000000087800000| Complete 
|  93|0x0000000087900000, 0x0000000087900000, 0x0000000087a00000|  0%| F|  |TAMS 0x0000000087900000| PB 0x0000000087900000| Untracked 
|  94|0x0000000087a00000, 0x0000000087a00000, 0x0000000087b00000|  0%| F|  |TAMS 0x0000000087a00000| PB 0x0000000087a00000| Untracked 
|  95|0x0000000087b00000, 0x0000000087b00000, 0x0000000087c00000|  0%| F|  |TAMS 0x0000000087b00000| PB 0x0000000087b00000| Untracked 
|  96|0x0000000087c00000, 0x0000000087c00000, 0x0000000087d00000|  0%| F|  |TAMS 0x0000000087c00000| PB 0x0000000087c00000| Untracked 
|  97|0x0000000087d00000, 0x0000000087d00000, 0x0000000087e00000|  0%| F|  |TAMS 0x0000000087d00000| PB 0x0000000087d00000| Untracked 
|  98|0x0000000087e00000, 0x0000000087e00000, 0x0000000087f00000|  0%| F|  |TAMS 0x0000000087e00000| PB 0x0000000087e00000| Untracked 
|  99|0x0000000087f00000, 0x0000000087f00000, 0x0000000088000000|  0%| F|  |TAMS 0x0000000087f00000| PB 0x0000000087f00000| Untracked 
| 100|0x0000000088000000, 0x0000000088000000, 0x0000000088100000|  0%| F|  |TAMS 0x0000000088000000| PB 0x0000000088000000| Untracked 
| 101|0x0000000088100000, 0x0000000088100000, 0x0000000088200000|  0%| F|  |TAMS 0x0000000088100000| PB 0x0000000088100000| Untracked 
| 102|0x0000000088200000, 0x0000000088200000, 0x0000000088300000|  0%| F|  |TAMS 0x0000000088200000| PB 0x0000000088200000| Untracked 
| 103|0x0000000088300000, 0x0000000088300000, 0x0000000088400000|  0%| F|  |TAMS 0x0000000088300000| PB 0x0000000088300000| Untracked 
| 104|0x0000000088400000, 0x0000000088400000, 0x0000000088500000|  0%| F|  |TAMS 0x0000000088400000| PB 0x0000000088400000| Untracked 
| 105|0x0000000088500000, 0x0000000088500000, 0x0000000088600000|  0%| F|  |TAMS 0x0000000088500000| PB 0x0000000088500000| Untracked 
| 106|0x0000000088600000, 0x0000000088600000, 0x0000000088700000|  0%| F|  |TAMS 0x0000000088600000| PB 0x0000000088600000| Untracked 
| 107|0x0000000088700000, 0x0000000088700000, 0x0000000088800000|  0%| F|  |TAMS 0x0000000088700000| PB 0x0000000088700000| Untracked 
| 108|0x0000000088800000, 0x0000000088800000, 0x0000000088900000|  0%| F|  |TAMS 0x0000000088800000| PB 0x0000000088800000| Untracked 
| 109|0x0000000088900000, 0x0000000088900000, 0x0000000088a00000|  0%| F|  |TAMS 0x0000000088900000| PB 0x0000000088900000| Untracked 
| 110|0x0000000088a00000, 0x0000000088a00000, 0x0000000088b00000|  0%| F|  |TAMS 0x0000000088a00000| PB 0x0000000088a00000| Untracked 
| 111|0x0000000088b00000, 0x0000000088b00000, 0x0000000088c00000|  0%| F|  |TAMS 0x0000000088b00000| PB 0x0000000088b00000| Untracked 
| 112|0x0000000088c00000, 0x0000000088c00000, 0x0000000088d00000|  0%| F|  |TAMS 0x0000000088c00000| PB 0x0000000088c00000| Untracked 
| 113|0x0000000088d00000, 0x0000000088d00000, 0x0000000088e00000|  0%| F|  |TAMS 0x0000000088d00000| PB 0x0000000088d00000| Untracked 
| 114|0x0000000088e00000, 0x0000000088e00000, 0x0000000088f00000|  0%| F|  |TAMS 0x0000000088e00000| PB 0x0000000088e00000| Untracked 
| 115|0x0000000088f00000, 0x0000000088f00000, 0x0000000089000000|  0%| F|  |TAMS 0x0000000088f00000| PB 0x0000000088f00000| Untracked 
| 116|0x0000000089000000, 0x0000000089000000, 0x0000000089100000|  0%| F|  |TAMS 0x0000000089000000| PB 0x0000000089000000| Untracked 
| 117|0x0000000089100000, 0x0000000089100000, 0x0000000089200000|  0%| F|  |TAMS 0x0000000089100000| PB 0x0000000089100000| Untracked 
| 118|0x0000000089200000, 0x0000000089200000, 0x0000000089300000|  0%| F|  |TAMS 0x0000000089200000| PB 0x0000000089200000| Untracked 
| 119|0x0000000089300000, 0x0000000089300000, 0x0000000089400000|  0%| F|  |TAMS 0x0000000089300000| PB 0x0000000089300000| Untracked 
| 120|0x0000000089400000, 0x0000000089400000, 0x0000000089500000|  0%| F|  |TAMS 0x0000000089400000| PB 0x0000000089400000| Untracked 
| 121|0x0000000089500000, 0x0000000089500000, 0x0000000089600000|  0%| F|  |TAMS 0x0000000089500000| PB 0x0000000089500000| Untracked 
| 122|0x0000000089600000, 0x0000000089600000, 0x0000000089700000|  0%| F|  |TAMS 0x0000000089600000| PB 0x0000000089600000| Untracked 
| 123|0x0000000089700000, 0x0000000089700000, 0x0000000089800000|  0%| F|  |TAMS 0x0000000089700000| PB 0x0000000089700000| Untracked 
| 124|0x0000000089800000, 0x0000000089800000, 0x0000000089900000|  0%| F|  |TAMS 0x0000000089800000| PB 0x0000000089800000| Untracked 
| 125|0x0000000089900000, 0x0000000089900000, 0x0000000089a00000|  0%| F|  |TAMS 0x0000000089900000| PB 0x0000000089900000| Untracked 
| 126|0x0000000089a00000, 0x0000000089b00000, 0x0000000089b00000|100%| E|  |TAMS 0x0000000089a00000| PB 0x0000000089a00000| Complete 
| 127|0x0000000089b00000, 0x0000000089c00000, 0x0000000089c00000|100%| E|CS|TAMS 0x0000000089b00000| PB 0x0000000089b00000| Complete 

Card table byte_map: [0x00000214af230000,0x00000214af630000] _byte_map_base: 0x00000214aee22000

Marking Bits: (CMBitMap*) 0x000002149adf05e0
 Bits: [0x00000214af630000, 0x00000214b15c0000)

Polling page: 0x000002149ae60000

Metaspace:

Usage:
  Non-class:     16.33 MB used.
      Class:      2.13 MB used.
       Both:     18.46 MB used.

Virtual space:
  Non-class space:       64.00 MB reserved,      16.50 MB ( 26%) committed,  1 nodes.
      Class space:        1.00 GB reserved,       2.25 MB ( <1%) committed,  1 nodes.
             Both:        1.06 GB reserved,      18.75 MB (  2%) committed. 

Chunk freelists:
   Non-Class:  14.89 MB
       Class:  13.66 MB
        Both:  28.55 MB

MaxMetaspaceSize: unlimited
CompressedClassSpaceSize: 1.00 GB
Initial GC threshold: 21.00 MB
Current GC threshold: 21.00 MB
CDS: off
 - commit_granule_bytes: 65536.
 - commit_granule_words: 8192.
 - virtual_space_node_default_size: 8388608.
 - enlarge_chunks_in_place: 1.
 - use_allocation_guard: 0.


Internal statistics:

num_allocs_failed_limit: 0.
num_arena_births: 258.
num_arena_deaths: 0.
num_vsnodes_births: 2.
num_vsnodes_deaths: 0.
num_space_committed: 300.
num_space_uncommitted: 0.
num_chunks_returned_to_freelist: 0.
num_chunks_taken_from_freelist: 557.
num_chunk_merges: 0.
num_chunk_splits: 370.
num_chunks_enlarged: 280.
num_inconsistent_stats: 0.

CodeHeap 'non-profiled nmethods': size=120000Kb used=769Kb max_used=769Kb free=119230Kb
 bounds [0x00000214a6ea0000, 0x00000214a7110000, 0x00000214ae3d0000]
CodeHeap 'profiled nmethods': size=120000Kb used=3329Kb max_used=3329Kb free=116670Kb
 bounds [0x000002149f3d0000, 0x000002149f720000, 0x00000214a6900000]
CodeHeap 'non-nmethods': size=5760Kb used=1376Kb max_used=1393Kb free=4383Kb
 bounds [0x00000214a6900000, 0x00000214a6b70000, 0x00000214a6ea0000]
 total_blobs=2230 nmethods=1732 adapters=403
 compilation: enabled
              stopped_count=0, restarted_count=0
 full_count=0

Compilation events (20 events):
Event: 24.818 Thread 0x00000214b4216e70 1709       3       java.lang.Short::toUnsignedInt (5 bytes)
Event: 24.818 Thread 0x00000214b4216e70 nmethod 1709 0x000002149f700510 code [0x000002149f7006a0, 0x000002149f700798]
Event: 24.819 Thread 0x00000214b4216e70 1710       3       jdk.internal.module.SystemModuleFinders$SystemImage::reader (4 bytes)
Event: 24.819 Thread 0x00000214b4216e70 nmethod 1710 0x000002149f700810 code [0x000002149f7009a0, 0x000002149f700a98]
Event: 24.819 Thread 0x00000214b4216e70 1711       3       jdk.internal.jimage.ImageReader::requireOpen (18 bytes)
Event: 24.819 Thread 0x00000214b4216e70 nmethod 1711 0x000002149f700b10 code [0x000002149f700cc0, 0x000002149f700ee0]
Event: 24.824 Thread 0x00000214b4216e70 1712       3       java.lang.String::<init> (99 bytes)
Event: 24.825 Thread 0x00000214b4216e70 nmethod 1712 0x000002149f701010 code [0x000002149f701400, 0x000002149f702ec0]
Event: 24.825 Thread 0x00000214b4216e70 1713       3       java.lang.String::getBytes (44 bytes)
Event: 24.825 Thread 0x00000214b4216e70 nmethod 1713 0x000002149f703790 code [0x000002149f703960, 0x000002149f703c68]
Event: 24.829 Thread 0x00000214b4216e70 1714       3       java.lang.invoke.Invokers::checkCustomized (23 bytes)
Event: 24.829 Thread 0x00000214b4216e70 nmethod 1714 0x000002149f703d90 code [0x000002149f703f40, 0x000002149f704108]
Event: 24.829 Thread 0x00000214b4216e70 1715       3       java.lang.invoke.Invokers::maybeCustomize (5 bytes)
Event: 24.829 Thread 0x00000214b4216e70 nmethod 1715 0x000002149f704210 code [0x000002149f7043c0, 0x000002149f704560]
Event: 24.829 Thread 0x00000214b4216e70 1716       3       java.lang.invoke.MethodHandle::maybeCustomize (38 bytes)
Event: 24.829 Thread 0x00000214b4216e70 nmethod 1716 0x000002149f704610 code [0x000002149f7047e0, 0x000002149f704bb8]
Event: 24.830 Thread 0x00000214b4216e70 1717       3       java.lang.invoke.Invokers::checkExactType (17 bytes)
Event: 24.830 Thread 0x00000214b4216e70 nmethod 1717 0x000002149f704d10 code [0x000002149f704ec0, 0x000002149f7050b0]
Event: 24.831 Thread 0x00000214b4216e70 1718       3       java.util.Properties$LineReader::readLine (584 bytes)
Event: 24.833 Thread 0x00000214b41f2d80 1721   !   4       java.util.concurrent.ConcurrentHashMap::transfer (849 bytes)

GC Heap History (4 events):
Event: 2.205 GC heap before
{Heap before GC invocations=0 (full 0):
 garbage-first heap   total 131072K, used 22528K [0x0000000081c00000, 0x0000000100000000)
  region size 1024K, 23 young (23552K), 0 survivors (0K)
 Metaspace       used 8578K, committed 8768K, reserved 1114112K
  class space    used 764K, committed 896K, reserved 1048576K
}
Event: 2.218 GC heap after
{Heap after GC invocations=1 (full 0):
 garbage-first heap   total 131072K, used 4437K [0x0000000081c00000, 0x0000000100000000)
  region size 1024K, 3 young (3072K), 3 survivors (3072K)
 Metaspace       used 8578K, committed 8768K, reserved 1114112K
  class space    used 764K, committed 896K, reserved 1048576K
}
Event: 5.161 GC heap before
{Heap before GC invocations=1 (full 0):
 garbage-first heap   total 131072K, used 40277K [0x0000000081c00000, 0x0000000100000000)
  region size 1024K, 35 young (35840K), 3 survivors (3072K)
 Metaspace       used 18146K, committed 18496K, reserved 1114112K
  class space    used 2100K, committed 2304K, reserved 1048576K
}
Event: 5.175 GC heap after
{Heap after GC invocations=2 (full 0):
 garbage-first heap   total 131072K, used 12617K [0x0000000081c00000, 0x0000000100000000)
  region size 1024K, 4 young (4096K), 4 survivors (4096K)
 Metaspace       used 18146K, committed 18496K, reserved 1114112K
  class space    used 2100K, committed 2304K, reserved 1048576K
}

Dll operation events (3 events):
Event: 0.042 Loaded shared library C:\Program Files\Android\Android Studio\jbr\bin\java.dll
Event: 0.062 Loaded shared library C:\Program Files\Android\Android Studio\jbr\bin\zip.dll
Event: 0.423 Loaded shared library C:\Program Files\Android\Android Studio\jbr\bin\verify.dll

Deoptimization events (20 events):
Event: 24.807 Thread 0x00000214b42e3480 Uncommon trap: trap_request=0xffffff45 fr.pc=0x00000214a6f177e8 relative=0x00000000000000c8
Event: 24.807 Thread 0x00000214b42e3480 Uncommon trap: reason=unstable_if action=reinterpret pc=0x00000214a6f177e8 method=java.lang.String.codePointAt(I)I @ 4 c2
Event: 24.807 Thread 0x00000214b42e3480 DEOPT PACKING pc=0x00000214a6f177e8 sp=0x000000e4b71fec10
Event: 24.807 Thread 0x00000214b42e3480 DEOPT UNPACKING pc=0x00000214a69546a2 sp=0x000000e4b71feb98 mode 2
Event: 24.808 Thread 0x00000214b42e3480 Uncommon trap: trap_request=0xffffff45 fr.pc=0x00000214a6f5ad08 relative=0x0000000000000748
Event: 24.808 Thread 0x00000214b42e3480 Uncommon trap: reason=unstable_if action=reinterpret pc=0x00000214a6f5ad08 method=java.util.regex.Matcher.search(I)Z @ 30 c2
Event: 24.808 Thread 0x00000214b42e3480 DEOPT PACKING pc=0x00000214a6f5ad08 sp=0x000000e4b71feca0
Event: 24.808 Thread 0x00000214b42e3480 DEOPT UNPACKING pc=0x00000214a69546a2 sp=0x000000e4b71fec80 mode 2
Event: 24.811 Thread 0x000002149ad9f4e0 Uncommon trap: trap_request=0xffffffc6 fr.pc=0x00000214a6f43bb8 relative=0x0000000000002098
Event: 24.811 Thread 0x000002149ad9f4e0 Uncommon trap: reason=bimorphic_or_optimized_type_check action=maybe_recompile pc=0x00000214a6f43bb8 method=java.io.DataInputStream.readFully([BII)V @ 30 c2
Event: 24.811 Thread 0x000002149ad9f4e0 DEOPT PACKING pc=0x00000214a6f43bb8 sp=0x000000e4b5afdf90
Event: 24.811 Thread 0x000002149ad9f4e0 DEOPT UNPACKING pc=0x00000214a69546a2 sp=0x000000e4b5afdee8 mode 2
Event: 24.811 Thread 0x000002149ad9f4e0 Uncommon trap: trap_request=0xffffffc6 fr.pc=0x00000214a6f43bb8 relative=0x0000000000002098
Event: 24.811 Thread 0x000002149ad9f4e0 Uncommon trap: reason=bimorphic_or_optimized_type_check action=maybe_recompile pc=0x00000214a6f43bb8 method=java.io.DataInputStream.readFully([BII)V @ 30 c2
Event: 24.811 Thread 0x000002149ad9f4e0 DEOPT PACKING pc=0x00000214a6f43bb8 sp=0x000000e4b5afdff0
Event: 24.811 Thread 0x000002149ad9f4e0 DEOPT UNPACKING pc=0x00000214a69546a2 sp=0x000000e4b5afdf48 mode 2
Event: 24.811 Thread 0x000002149ad9f4e0 Uncommon trap: trap_request=0xffffffc6 fr.pc=0x00000214a6f43bb8 relative=0x0000000000002098
Event: 24.811 Thread 0x000002149ad9f4e0 Uncommon trap: reason=bimorphic_or_optimized_type_check action=maybe_recompile pc=0x00000214a6f43bb8 method=java.io.DataInputStream.readFully([BII)V @ 30 c2
Event: 24.811 Thread 0x000002149ad9f4e0 DEOPT PACKING pc=0x00000214a6f43bb8 sp=0x000000e4b5afdfe0
Event: 24.811 Thread 0x000002149ad9f4e0 DEOPT UNPACKING pc=0x00000214a69546a2 sp=0x000000e4b5afdf38 mode 2

Classes loaded (20 events):
Event: 24.829 Loading class java/nio/channels/Pipe
Event: 24.829 Loading class java/nio/channels/Pipe done
Event: 24.829 Loading class sun/nio/ch/PipeImpl done
Event: 24.829 Loading class sun/nio/ch/PipeImpl$Initializer
Event: 24.829 Loading class sun/nio/ch/PipeImpl$Initializer done
Event: 24.829 Loading class sun/nio/ch/PipeImpl$Initializer$LoopbackConnector
Event: 24.829 Loading class sun/nio/ch/PipeImpl$Initializer$LoopbackConnector done
Event: 24.829 Loading class sun/nio/ch/UnixDomainSockets
Event: 24.829 Loading class sun/nio/ch/UnixDomainSockets done
Event: 24.829 Loading class sun/nio/ch/UnixDomainSocketsUtil
Event: 24.829 Loading class sun/nio/ch/UnixDomainSocketsUtil done
Event: 24.830 Loading class sun/net/NetProperties
Event: 24.830 Loading class sun/net/NetProperties done
Event: 24.830 Loading class sun/net/NetProperties$1
Event: 24.830 Loading class sun/net/NetProperties$1 done
Event: 24.832 Loading class sun/security/rsa/SunRsaSign
Event: 24.832 Loading class sun/security/rsa/SunRsaSign done
Event: 24.832 Loading class sun/security/rsa/SunRsaSignEntries
Event: 24.832 Loading class sun/security/rsa/SunRsaSignEntries done
Event: 24.833 Loading class sun/security/jca/ProviderConfig$3

Classes unloaded (0 events):
No events

Classes redefined (0 events):
No events

Internal exceptions (20 events):
Event: 3.563 Thread 0x000002149ad9f4e0 Exception <a 'java/lang/NoSuchMethodError'{0x000000008916cd68}: 'void java.lang.invoke.DelegatingMethodHandle$Holder.delegate(java.lang.Object, java.lang.Object, int, java.lang.Object)'> (0x000000008916cd68) 
thrown [s\src\hotspot\share\interpreter\linkResolver.cpp, line 784]
Event: 3.565 Thread 0x000002149ad9f4e0 Exception <a 'java/lang/NoSuchMethodError'{0x0000000089170a48}: 'int java.lang.invoke.DirectMethodHandle$Holder.invokeSpecial(java.lang.Object, java.lang.Object, java.lang.Object)'> (0x0000000089170a48) 
thrown [s\src\hotspot\share\interpreter\linkResolver.cpp, line 784]
Event: 3.771 Thread 0x000002149ad9f4e0 Exception <a 'java/lang/NoSuchMethodError'{0x0000000088e876f8}: 'java.lang.Object java.lang.invoke.DirectMethodHandle$Holder.newInvokeSpecial(java.lang.Object, java.lang.Object, java.lang.Object, java.lang.Object, java.lang.Object)'> (0x0000000088e876f8) 
thrown [s\src\hotspot\share\interpreter\linkResolver.cpp, line 784]
Event: 3.791 Thread 0x000002149ad9f4e0 Exception <a 'java/lang/NoSuchMethodError'{0x0000000088edcf98}: 'java.lang.Object java.lang.invoke.Invokers$Holder.invokeExact_MT(java.lang.Object, java.lang.Object, java.lang.Object, java.lang.Object, java.lang.Object)'> (0x0000000088edcf98) 
thrown [s\src\hotspot\share\interpreter\linkResolver.cpp, line 784]
Event: 3.813 Thread 0x000002149ad9f4e0 Exception <a 'java/lang/NoSuchMethodError'{0x0000000088d432a0}: 'java.lang.Object java.lang.invoke.DirectMethodHandle$Holder.invokeVirtual(java.lang.Object, java.lang.Object, java.lang.Object, java.lang.Object, java.lang.Object, java.lang.Object, java.lang.Object)'> (0x0000000088d432a0) 
thrown [s\src\hotspot\share\interpreter\linkResolver.cpp, line 784]
Event: 3.840 Thread 0x000002149ad9f4e0 Exception <a 'java/lang/NoSuchMethodError'{0x0000000088d87f10}: 'java.lang.Object java.lang.invoke.DirectMethodHandle$Holder.invokeVirtual(java.lang.Object, java.lang.Object, java.lang.Object, java.lang.Object)'> (0x0000000088d87f10) 
thrown [s\src\hotspot\share\interpreter\linkResolver.cpp, line 784]
Event: 3.884 Thread 0x000002149ad9f4e0 Exception <a 'java/lang/NoSuchMethodError'{0x0000000088c4aed0}: 'java.lang.Object java.lang.invoke.DirectMethodHandle$Holder.invokeVirtual(java.lang.Object, java.lang.Object, java.lang.Object, java.lang.Object, java.lang.Object, java.lang.Object)'> (0x0000000088c4aed0) 
thrown [s\src\hotspot\share\interpreter\linkResolver.cpp, line 784]
Event: 3.974 Thread 0x000002149ad9f4e0 Implicit null exception at 0x00000214a6f140c1 to 0x00000214a6f14340
Event: 4.121 Thread 0x000002149ad9f4e0 Exception <a 'java/lang/NoSuchMethodError'{0x00000000889978a8}: 'int java.lang.invoke.DirectMethodHandle$Holder.invokeVirtual(java.lang.Object, java.lang.Object, java.lang.Object)'> (0x00000000889978a8) 
thrown [s\src\hotspot\share\interpreter\linkResolver.cpp, line 784]
Event: 4.211 Thread 0x000002149ad9f4e0 Exception <a 'java/lang/NoSuchMethodError'{0x0000000088724168}: 'java.lang.Object java.lang.invoke.DirectMethodHandle$Holder.invokeVirtual(java.lang.Object, java.lang.Object, java.lang.Object, java.lang.Object, java.lang.Object)'> (0x0000000088724168) 
thrown [s\src\hotspot\share\interpreter\linkResolver.cpp, line 784]
Event: 4.216 Thread 0x000002149ad9f4e0 Exception <a 'java/lang/NoSuchMethodError'{0x0000000088736d58}: 'java.lang.Object java.lang.invoke.Invokers$Holder.invokeExact_MT(java.lang.Object, java.lang.Object, java.lang.Object, java.lang.Object, java.lang.Object, java.lang.Object)'> (0x0000000088736d58) 
thrown [s\src\hotspot\share\interpreter\linkResolver.cpp, line 784]
Event: 4.255 Thread 0x000002149ad9f4e0 Exception <a 'java/lang/NoSuchMethodError'{0x00000000887e2c40}: 'java.lang.Object java.lang.invoke.DirectMethodHandle$Holder.invokeSpecialIFC(java.lang.Object, java.lang.Object, java.lang.Object, java.lang.Object)'> (0x00000000887e2c40) 
thrown [s\src\hotspot\share\interpreter\linkResolver.cpp, line 784]
Event: 4.258 Thread 0x000002149ad9f4e0 Exception <a 'java/lang/NoSuchMethodError'{0x00000000887ebdc0}: 'java.lang.Object java.lang.invoke.DirectMethodHandle$Holder.invokeVirtual(java.lang.Object, java.lang.Object, java.lang.Object, java.lang.Object, java.lang.Object, java.lang.Object, java.lang.Object, java.lang.Object)'> (0x00000000887ebdc0) 
thrown [s\src\hotspot\share\interpreter\linkResolver.cpp, line 784]
Event: 4.412 Thread 0x000002149ad9f4e0 Exception <a 'java/lang/NoSuchMethodError'{0x00000000881cee40}: 'java.lang.Object java.lang.invoke.DirectMethodHandle$Holder.invokeStaticInit(java.lang.Object, int, int, int, int)'> (0x00000000881cee40) 
thrown [s\src\hotspot\share\interpreter\linkResolver.cpp, line 784]
Event: 4.503 Thread 0x000002149ad9f4e0 Exception <a 'java/lang/NoSuchMethodError'{0x0000000088092ed8}: 'java.lang.Object java.lang.invoke.DirectMethodHandle$Holder.invokeStaticInit(java.lang.Object, java.lang.Object, int, int, int, int)'> (0x0000000088092ed8) 
thrown [s\src\hotspot\share\interpreter\linkResolver.cpp, line 784]
Event: 4.547 Thread 0x000002149ad9f4e0 Exception <a 'java/lang/NoSuchMethodError'{0x00000000880bb6f8}: 'void java.lang.invoke.DirectMethodHandle$Holder.invokeStatic(java.lang.Object, java.lang.Object, java.lang.Object)'> (0x00000000880bb6f8) 
thrown [s\src\hotspot\share\interpreter\linkResolver.cpp, line 784]
Event: 5.045 Thread 0x00000214b42e3480 Exception <a 'java/lang/NoSuchMethodError'{0x000000008790e888}: 'void java.lang.invoke.DirectMethodHandle$Holder.invokeStatic(java.lang.Object, long)'> (0x000000008790e888) 
thrown [s\src\hotspot\share\interpreter\linkResolver.cpp, line 784]
Event: 5.047 Thread 0x00000214b42e3480 Exception <a 'java/lang/NoSuchMethodError'{0x0000000087913a80}: 'java.lang.Object java.lang.invoke.DirectMethodHandle$Holder.newInvokeSpecial(java.lang.Object, long)'> (0x0000000087913a80) 
thrown [s\src\hotspot\share\interpreter\linkResolver.cpp, line 784]
Event: 5.060 Thread 0x00000214b42e3480 Exception <a 'java/lang/NoSuchMethodError'{0x000000008791a750}: 'java.lang.Object java.lang.invoke.DirectMethodHandle$Holder.invokeStatic(java.lang.Object, long, java.lang.Object)'> (0x000000008791a750) 
thrown [s\src\hotspot\share\interpreter\linkResolver.cpp, line 784]
Event: 5.062 Thread 0x00000214b42e3480 Exception <a 'java/lang/NoSuchMethodError'{0x000000008791ded8}: 'java.lang.Object java.lang.invoke.DirectMethodHandle$Holder.invokeStaticInit(java.lang.Object, long, java.lang.Object)'> (0x000000008791ded8) 
thrown [s\src\hotspot\share\interpreter\linkResolver.cpp, line 784]

ZGC Phase Switch (0 events):
No events

VM Operations (20 events):
Event: 3.559 Executing VM operation: Cleanup done
Event: 3.751 Executing VM operation: HandshakeAllThreads (Deoptimize)
Event: 3.751 Executing VM operation: HandshakeAllThreads (Deoptimize) done
Event: 3.804 Executing VM operation: HandshakeAllThreads (Deoptimize)
Event: 3.804 Executing VM operation: HandshakeAllThreads (Deoptimize) done
Event: 4.099 Executing VM operation: HandshakeAllThreads (Deoptimize)
Event: 4.099 Executing VM operation: HandshakeAllThreads (Deoptimize) done
Event: 4.450 Executing VM operation: HandshakeAllThreads (Deoptimize)
Event: 4.450 Executing VM operation: HandshakeAllThreads (Deoptimize) done
Event: 5.079 Executing VM operation: HandshakeAllThreads (Deoptimize)
Event: 5.079 Executing VM operation: HandshakeAllThreads (Deoptimize) done
Event: 5.079 Executing VM operation: Cleanup
Event: 5.080 Executing VM operation: Cleanup done
Event: 5.160 Executing VM operation: G1CollectForAllocation (G1 Evacuation Pause)
Event: 5.175 Executing VM operation: G1CollectForAllocation (G1 Evacuation Pause) done
Event: 5.216 Executing VM operation: HandshakeAllThreads (Deoptimize)
Event: 5.216 Executing VM operation: HandshakeAllThreads (Deoptimize) done
Event: 6.227 Executing VM operation: Cleanup
Event: 6.227 Executing VM operation: Cleanup done
Event: 25.328 Executing VM operation: Cleanup

Events (20 events):
Event: 1.883 Thread 0x00000214b47dc470 Thread added: 0x00000214b47dc470
Event: 2.308 Thread 0x00000214b47dc470 Thread exited: 0x00000214b47dc470
Event: 2.584 Thread 0x00000214b4818440 Thread exited: 0x00000214b4818440
Event: 2.714 Thread 0x00000214b91c7bf0 Thread added: 0x00000214b91c7bf0
Event: 2.897 Thread 0x00000214b91c7bf0 Thread exited: 0x00000214b91c7bf0
Event: 3.624 Loaded shared library C:\Users\ramvi\.gradle\native\c067742578af261105cb4f569cf0c3c89f3d7b1fecec35dd04571415982c5e48\windows-amd64\native-platform.dll
Event: 3.682 Thread 0x00000214b42e3b10 Thread added: 0x00000214b42e3b10
Event: 3.803 Thread 0x00000214b9381170 Thread added: 0x00000214b9381170
Event: 4.060 Loaded shared library C:\Program Files\Android\Android Studio\jbr\bin\management.dll
Event: 4.071 Loaded shared library C:\Program Files\Android\Android Studio\jbr\bin\management_ext.dll
Event: 4.077 Thread 0x00000214b9381170 Thread exited: 0x00000214b9381170
Event: 4.276 Thread 0x00000214b97474d0 Thread added: 0x00000214b97474d0
Event: 4.541 Loaded shared library C:\Program Files\Android\Android Studio\jbr\bin\extnet.dll
Event: 5.015 Thread 0x00000214b42e3480 Thread added: 0x00000214b42e3480
Event: 5.074 Thread 0x00000214b42e4830 Thread added: 0x00000214b42e4830
Event: 5.078 Thread 0x00000214b42e2df0 Thread added: 0x00000214b42e2df0
Event: 5.080 Thread 0x00000214b42e4830 Thread exited: 0x00000214b42e4830
Event: 5.588 Thread 0x00000214b97474d0 Thread exited: 0x00000214b97474d0
Event: 24.811 Thread 0x00000214b42e3480 Thread exited: 0x00000214b42e3480
Event: 24.811 Thread 0x00000214b42e2df0 Thread exited: 0x00000214b42e2df0


Dynamic libraries:
0x00007ff708d10000 - 0x00007ff708d1a000 	C:\Program Files\Android\Android Studio\jbr\bin\java.exe
0x00007ffc05a40000 - 0x00007ffc05ca8000 	C:\WINDOWS\SYSTEM32\ntdll.dll
0x00007ffc04a80000 - 0x00007ffc04b49000 	C:\WINDOWS\System32\KERNEL32.DLL
0x00007ffc02d70000 - 0x00007ffc03162000 	C:\WINDOWS\System32\KERNELBASE.dll
0x00007ffc032d0000 - 0x00007ffc0341b000 	C:\WINDOWS\System32\ucrtbase.dll
0x00007ffbf0cd0000 - 0x00007ffbf0ce8000 	C:\Program Files\Android\Android Studio\jbr\bin\jli.dll
0x00007ffbeeb40000 - 0x00007ffbeeb5b000 	C:\Program Files\Android\Android Studio\jbr\bin\VCRUNTIME140.dll
0x00007ffc04c10000 - 0x00007ffc04dd5000 	C:\WINDOWS\System32\USER32.dll
0x00007ffc02d40000 - 0x00007ffc02d67000 	C:\WINDOWS\System32\win32u.dll
0x00007ffc04280000 - 0x00007ffc042ab000 	C:\WINDOWS\System32\GDI32.dll
0x00007ffbf0010000 - 0x00007ffbf02a3000 	C:\WINDOWS\WinSxS\amd64_microsoft.windows.common-controls_6595b64144ccf1df_6.0.26100.6682_none_3e0e9e60e32ebb61\COMCTL32.dll
0x00007ffc036e0000 - 0x00007ffc0380d000 	C:\WINDOWS\System32\gdi32full.dll
0x00007ffc05950000 - 0x00007ffc059f9000 	C:\WINDOWS\System32\msvcrt.dll
0x00007ffc034b0000 - 0x00007ffc03553000 	C:\WINDOWS\System32\msvcp_win.dll
0x00007ffc05910000 - 0x00007ffc0593f000 	C:\WINDOWS\System32\IMM32.DLL
0x00007ffbf0b10000 - 0x00007ffbf0b1c000 	C:\Program Files\Android\Android Studio\jbr\bin\vcruntime140_1.dll
0x00007ffbe0e40000 - 0x00007ffbe0ecd000 	C:\Program Files\Android\Android Studio\jbr\bin\msvcp140.dll
0x00007ffbb69b0000 - 0x00007ffbb762d000 	C:\Program Files\Android\Android Studio\jbr\bin\server\jvm.dll
0x00007ffc05850000 - 0x00007ffc05904000 	C:\WINDOWS\System32\ADVAPI32.dll
0x00007ffc05640000 - 0x00007ffc056e6000 	C:\WINDOWS\System32\sechost.dll
0x00007ffc03a10000 - 0x00007ffc03b28000 	C:\WINDOWS\System32\RPCRT4.dll
0x00007ffc03870000 - 0x00007ffc038e4000 	C:\WINDOWS\System32\WS2_32.dll
0x00007ffc02a30000 - 0x00007ffc02a8e000 	C:\WINDOWS\SYSTEM32\POWRPROF.dll
0x00007ffbeb7b0000 - 0x00007ffbeb7e5000 	C:\WINDOWS\SYSTEM32\WINMM.dll
0x00007ffbfa720000 - 0x00007ffbfa72b000 	C:\WINDOWS\SYSTEM32\VERSION.dll
0x00007ffc02a10000 - 0x00007ffc02a24000 	C:\WINDOWS\SYSTEM32\UMPDC.dll
0x00007ffc01980000 - 0x00007ffc0199b000 	C:\WINDOWS\SYSTEM32\kernel.appcore.dll
0x00007ffbeeb30000 - 0x00007ffbeeb3a000 	C:\Program Files\Android\Android Studio\jbr\bin\jimage.dll
0x00007ffc00400000 - 0x00007ffc00642000 	C:\WINDOWS\SYSTEM32\DBGHELP.DLL
0x00007ffc04e70000 - 0x00007ffc051eb000 	C:\WINDOWS\System32\combase.dll
0x00007ffc05770000 - 0x00007ffc05847000 	C:\WINDOWS\System32\OLEAUT32.dll
0x00007ffbea2e0000 - 0x00007ffbea31c000 	C:\WINDOWS\SYSTEM32\dbgcore.DLL
0x00007ffc03230000 - 0x00007ffc032c8000 	C:\WINDOWS\System32\bcryptPrimitives.dll
0x00007ffbed350000 - 0x00007ffbed36f000 	C:\Program Files\Android\Android Studio\jbr\bin\java.dll
0x00007ffbed330000 - 0x00007ffbed348000 	C:\Program Files\Android\Android Studio\jbr\bin\zip.dll
0x00007ffc03b30000 - 0x00007ffc0427c000 	C:\WINDOWS\System32\SHELL32.dll
0x00007ffc02bd0000 - 0x00007ffc02d3b000 	C:\WINDOWS\System32\wintypes.dll
0x00007ffc00800000 - 0x00007ffc0105d000 	C:\WINDOWS\SYSTEM32\windows.storage.dll
0x00007ffc042b0000 - 0x00007ffc043a1000 	C:\WINDOWS\System32\SHCORE.dll
0x00007ffc053d0000 - 0x00007ffc05432000 	C:\WINDOWS\System32\shlwapi.dll
0x00007ffc02af0000 - 0x00007ffc02b18000 	C:\WINDOWS\SYSTEM32\profapi.dll
0x00007ffbee390000 - 0x00007ffbee3a0000 	C:\Program Files\Android\Android Studio\jbr\bin\net.dll
0x00007ffbf5fc0000 - 0x00007ffbf60df000 	C:\WINDOWS\SYSTEM32\WINHTTP.dll
0x00007ffc01f10000 - 0x00007ffc01f7b000 	C:\WINDOWS\system32\mswsock.dll
0x00007ffbed310000 - 0x00007ffbed326000 	C:\Program Files\Android\Android Studio\jbr\bin\nio.dll
0x00007ffbedaf0000 - 0x00007ffbedb00000 	C:\Program Files\Android\Android Studio\jbr\bin\verify.dll
0x00007ffbed070000 - 0x00007ffbed097000 	C:\Users\ramvi\.gradle\native\c067742578af261105cb4f569cf0c3c89f3d7b1fecec35dd04571415982c5e48\windows-amd64\native-platform.dll
0x00007ffbed460000 - 0x00007ffbed469000 	C:\Program Files\Android\Android Studio\jbr\bin\management.dll
0x00007ffbeba40000 - 0x00007ffbeba4b000 	C:\Program Files\Android\Android Studio\jbr\bin\management_ext.dll
0x00007ffc05220000 - 0x00007ffc05228000 	C:\WINDOWS\System32\PSAPI.DLL
0x00007ffc021c0000 - 0x00007ffc021db000 	C:\WINDOWS\SYSTEM32\CRYPTSP.dll
0x00007ffc018d0000 - 0x00007ffc0190b000 	C:\WINDOWS\system32\rsaenh.dll
0x00007ffc01fb0000 - 0x00007ffc01fdb000 	C:\WINDOWS\SYSTEM32\USERENV.dll
0x00007ffc02ac0000 - 0x00007ffc02ae6000 	C:\WINDOWS\SYSTEM32\bcrypt.dll
0x00007ffc021e0000 - 0x00007ffc021ec000 	C:\WINDOWS\SYSTEM32\CRYPTBASE.dll
0x00007ffc01370000 - 0x00007ffc013a4000 	C:\WINDOWS\SYSTEM32\IPHLPAPI.DLL
0x00007ffc05630000 - 0x00007ffc0563a000 	C:\WINDOWS\System32\NSI.dll
0x00007ffbeba30000 - 0x00007ffbeba39000 	C:\Program Files\Android\Android Studio\jbr\bin\extnet.dll

dbghelp: loaded successfully - version: 4.0.5 - missing functions: none
symbol engine: initialized successfully - sym options: 0x614 - pdb path: .;C:\Program Files\Android\Android Studio\jbr\bin;C:\WINDOWS\SYSTEM32;C:\WINDOWS\WinSxS\amd64_microsoft.windows.common-controls_6595b64144ccf1df_6.0.26100.6682_none_3e0e9e60e32ebb61;C:\Program Files\Android\Android Studio\jbr\bin\server;C:\Users\ramvi\.gradle\native\c067742578af261105cb4f569cf0c3c89f3d7b1fecec35dd04571415982c5e48\windows-amd64

VM Arguments:
jvm_args: -Dorg.gradle.appname=gradlew 
java_command: org.gradle.wrapper.GradleWrapperMain -q -Ptarget-platform=android-x64 -Ptarget=C:\Users\ramvi\Desktop\seasafe\seasafe\lib\main.dart -Pbase-application-name=android.app.Application -Pdart-defines=RkxVVFRFUl9WRVJTSU9OPTMuMzUuMw==,RkxVVFRFUl9DSEFOTkVMPXN0YWJsZQ==,RkxVVFRFUl9HSVRfVVJMPWh0dHBzOi8vZ2l0aHViLmNvbS9mbHV0dGVyL2ZsdXR0ZXIuZ2l0,RkxVVFRFUl9GUkFNRVdPUktfUkVWSVNJT049YTQwMmQ5YTQzNw==,RkxVVFRFUl9FTkdJTkVfUkVWSVNJT049ZGRmNDdkZDNmZg==,RkxVVFRFUl9EQVJUX1ZFUlNJT049My45LjI= -Pdart-obfuscation=false -Ptrack-widget-creation=true -Ptree-shake-icons=false -Pfilesystem-scheme=org-dartlang-root assembleDebug
java_class_path (initial): C:\Users\ramvi\Desktop\seasafe\seasafe\android\\gradle\wrapper\gradle-wrapper.jar
Launcher Type: SUN_STANDARD

[Global flags]
     intx CICompilerCount                          = 4                                         {product} {ergonomic}
     uint ConcGCThreads                            = 2                                         {product} {ergonomic}
     uint G1ConcRefinementThreads                  = 8                                         {product} {ergonomic}
   size_t G1HeapRegionSize                         = 1048576                                   {product} {ergonomic}
    uintx GCDrainStackTargetSize                   = 64                                        {product} {ergonomic}
   size_t InitialHeapSize                          = 134217728                                 {product} {ergonomic}
   size_t MarkStackSize                            = 4194304                                   {product} {ergonomic}
   size_t MaxHeapSize                              = 2118123520                                {product} {ergonomic}
   size_t MaxNewSize                               = 1270874112                                {product} {ergonomic}
   size_t MinHeapDeltaBytes                        = 1048576                                   {product} {ergonomic}
   size_t MinHeapSize                              = 8388608                                   {product} {ergonomic}
    uintx NonNMethodCodeHeapSize                   = 5839372                                {pd product} {ergonomic}
    uintx NonProfiledCodeHeapSize                  = 122909434                              {pd product} {ergonomic}
    uintx ProfiledCodeHeapSize                     = 122909434                              {pd product} {ergonomic}
    uintx ReservedCodeCacheSize                    = 251658240                              {pd product} {ergonomic}
     bool SegmentedCodeCache                       = true                                      {product} {ergonomic}
   size_t SoftMaxHeapSize                          = 2118123520                             {manageable} {ergonomic}
     bool UseCompressedOops                        = true                           {product lp64_product} {ergonomic}
     bool UseG1GC                                  = true                                      {product} {ergonomic}
     bool UseLargePagesIndividualAllocation        = false                                  {pd product} {ergonomic}

Logging:
Log output configuration:
 #0: stdout all=warning uptime,level,tags foldmultilines=false
 #1: stderr all=off uptime,level,tags foldmultilines=false

Environment Variables:
JAVA_HOME=C:\Program Files\Android\Android Studio\jbr
CLASSPATH=C:\Users\ramvi\Desktop\seasafe\seasafe\android\\gradle\wrapper\gradle-wrapper.jar
PATH=C:\Program Files\Android\Android Studio\jbr\bin;C:\Program Files\Eclipse Adoptium\jdk-21.0.8.9-hotspot\bin;C:\Windows\system32;C:\Windows;C:\Windows\System32\Wbem;C:\Windows\System32\WindowsPowerShell\v1.0\;C:\Windows\System32\OpenSSH\;C:\Program Files (x86)\NVIDIA Corporation\PhysX\Common;C:\MinGW\bin;C:\WINDOWS\system32;C:\WINDOWS;C:\WINDOWS\System32\Wbem;C:\WINDOWS\System32\WindowsPowerShell\v1.0\;C:\WINDOWS\System32\OpenSSH\;C:\Program Files\NVIDIA Corporation\NVIDIA NvDLISR;C:\WINDOWS\system32;C:\WINDOWS;C:\WINDOWS\System32\Wbem;C:\WINDOWS\System32\WindowsPowerShell\v1.0\;C:\WINDOWS\System32\OpenSSH\;C:\flutter\bin;C:\Program Files\nodejs\;C:\Program Files\Eclipse Adoptium\jdk-21.0.8.9-hotspot\bin;C:\Program Files\Git\cmd;C:\Program Files\MySQL\MySQL Shell 8.0\bin\;C:\Users\ramvi\AppData\Local\Programs\Python\Python310\Scripts\;C:\Users\ramvi\AppData\Local\Programs\Python\Python310\;C:\Users\ramvi\AppData\Local\Microsoft\WindowsApps;C:\Program Files (x86)\MinGW\mingw32\bin;C:\MinGW\bin;C:\Users\ramvi\AppData\Local\Programs\Microsoft VS Code\bin;C:\Users\ramvi\AppData\Roaming\npm;C:\Users\ramvi\AppData\Local\Android\sdk\platform-tools;C:\Program Files\Eclipse Adoptium\jdk-21.0.8.9-hotspot\bin;;C:\flutter\bin\mingit\cmd;C:\flutter\bin\mingit\cmd
USERNAME=ramvi
OS=Windows_NT
PROCESSOR_IDENTIFIER=Intel64 Family 6 Model 142 Stepping 10, GenuineIntel
TMP=C:\Users\ramvi\AppData\Local\Temp
TEMP=C:\Users\ramvi\AppData\Local\Temp




Periodic native trim disabled

JNI global refs:
JNI global refs: 19, weak refs: 0

JNI global refs memory usage: 835, weak refs: 833

Process memory usage:
Resident Set Size: 116208K (1% of 8267552K total physical memory with 660708K free physical memory)

OOME stack traces (most recent first):
Classloader memory used:
Loader bootstrap                                                                       : 13278K
Loader org.gradle.internal.classloader.VisitableURLClassLoader                         : 5155K
Loader java.net.URLClassLoader                                                         : 232K
Loader jdk.internal.loader.ClassLoaders$AppClassLoader                                 : 146K
Loader jdk.internal.loader.ClassLoaders$PlatformClassLoader                            : 92336B

Classes loaded by more than one classloader:
Class org.gradle.internal.classloader.ClassLoaderHierarchy                            : loaded 2 times (x 67B)
Class org.gradle.cli.AbstractPropertiesCommandLineConverter                           : loaded 2 times (x 80B)
Class org.gradle.api.internal.classpath.ManifestUtil                                  : loaded 2 times (x 68B)
Class org.gradle.cli.CommandLineParser                                                : loaded 2 times (x 76B)
Class org.gradle.internal.classloader.ClassLoaderVisitor                              : loaded 2 times (x 73B)
Class org.gradle.api.internal.classpath.EffectiveClassPath                            : loaded 2 times (x 87B)
Class org.gradle.internal.service.UnknownServiceException                             : loaded 2 times (x 80B)
Class org.gradle.cli.SystemPropertiesCommandLineConverter                             : loaded 2 times (x 80B)
Class org.gradle.cli.CommandLineArgumentException                                     : loaded 2 times (x 79B)
Class org.gradle.cli.CommandLineParser$KnownOptionParserState                         : loaded 2 times (x 73B)
Class org.gradle.internal.InternalTransformer                                         : loaded 2 times (x 67B)
Class org.gradle.internal.classloader.ClasspathUtil$1                                 : loaded 2 times (x 73B)
Class org.gradle.api.internal.classpath.DefaultModuleRegistry$DefaultModule           : loaded 2 times (x 83B)
Class org.gradle.api.internal.classpath.Module                                        : loaded 2 times (x 67B)
Class org.gradle.api.internal.classpath.UnknownModuleException                        : loaded 2 times (x 79B)
Class org.gradle.internal.classpath.DefaultClassPath$ImmutableUniqueList              : loaded 2 times (x 196B)
Class org.gradle.cli.CommandLineParser$OptionAwareParserState                         : loaded 2 times (x 74B)
Class org.gradle.cli.ParsedCommandLine                                                : loaded 2 times (x 77B)
Class org.gradle.internal.classpath.ClassPath                                         : loaded 2 times (x 67B)
Class org.gradle.cli.CommandLineParser$UnknownOptionParserState                       : loaded 2 times (x 73B)
Class org.gradle.cli.ParsedCommandLineOption                                          : loaded 2 times (x 73B)
Class org.gradle.api.UncheckedIOException                                             : loaded 2 times (x 79B)
Class org.gradle.cli.CommandLineParser$AfterFirstSubCommand                           : loaded 2 times (x 74B)
Class org.gradle.api.internal.classpath.ModuleRegistry                                : loaded 2 times (x 67B)
Class org.gradle.internal.installation.GradleInstallation$1                           : loaded 2 times (x 72B)
Class org.gradle.api.internal.classpath.DefaultModuleRegistry                         : loaded 2 times (x 83B)
Class org.gradle.cli.CommandLineOption                                                : loaded 2 times (x 83B)
Class org.gradle.cli.CommandLineParser$BeforeFirstSubCommand                          : loaded 2 times (x 74B)
Class org.gradle.internal.service.ServiceLookupException                              : loaded 2 times (x 79B)
Class org.gradle.cli.CommandLineParser$OptionParserState                              : loaded 2 times (x 72B)
Class org.gradle.internal.classloader.ClasspathUtil                                   : loaded 2 times (x 68B)
Class org.gradle.api.specs.Spec                                                       : loaded 2 times (x 67B)
Class org.gradle.internal.classpath.DefaultClassPath                                  : loaded 2 times (x 87B)
Class org.gradle.internal.classloader.ClassLoaderSpec                                 : loaded 2 times (x 68B)
Class org.gradle.internal.Cast                                                        : loaded 2 times (x 68B)
Class org.gradle.api.Action                                                           : loaded 2 times (x 67B)
Class org.gradle.internal.classpath.DefaultClassPath$ImmutableUniqueList$Builder      : loaded 2 times (x 72B)
Class org.gradle.cli.AbstractCommandLineConverter                                     : loaded 2 times (x 76B)
Class org.gradle.api.GradleException                                                  : loaded 2 times (x 79B)
Class org.gradle.internal.IoActions                                                   : loaded 2 times (x 68B)
Class org.gradle.internal.classloader.SystemClassLoaderSpec                           : loaded 2 times (x 68B)
Class org.gradle.cli.CommandLineConverter                                             : loaded 2 times (x 67B)
Class org.gradle.cli.CommandLineParser$MissingOptionArgState                          : loaded 2 times (x 74B)
Class org.gradle.cli.CommandLineParser$ParserState                                    : loaded 2 times (x 73B)
Class org.gradle.cli.CommandLineParser$OptionString                                   : loaded 2 times (x 70B)
Class org.gradle.api.internal.classpath.GlobalCacheRootsProvider                      : loaded 2 times (x 67B)
Class org.gradle.internal.installation.CurrentGradleInstallationLocator               : loaded 2 times (x 68B)
Class org.gradle.internal.installation.CurrentGradleInstallation                      : loaded 2 times (x 70B)
Class org.gradle.util.internal.GUtil                                                  : loaded 2 times (x 68B)
Class org.gradle.cli.CommandLineParser$AfterOptions                                   : loaded 2 times (x 74B)
Class org.gradle.internal.installation.GradleInstallation                             : loaded 2 times (x 72B)

---------------  S Y S T E M  ---------------

OS:
 Windows 11 , 64 bit Build 26100 (10.0.26100.6682)
OS uptime: 0 days 0:05 hours
Hyper-V role detected

CPU: total 8 (initial active 8) (4 cores per cpu, 2 threads per core) family 6 model 142 stepping 10 microcode 0xe0, cx8, cmov, fxsr, ht, mmx, 3dnowpref, sse, sse2, sse3, ssse3, sse4.1, sse4.2, popcnt, lzcnt, tsc, tscinvbit, avx, avx2, aes, erms, clmul, bmi1, bmi2, adx, fma, vzeroupper, clflush, clflushopt, hv, rdtscp, f16c
Processor Information for all 8 processors :
  Max Mhz: 1800, Current Mhz: 1600, Mhz Limit: 1584

Memory: 4k page, system-wide physical 8073M (650M free)
TotalPageFile size 10121M (AvailPageFile size 32M)
current process WorkingSet (physical memory assigned to process): 113M, peak: 117M
current process commit charge ("private bytes"): 232M, peak: 238M

vm_info: OpenJDK 64-Bit Server VM (21.0.3+-12282718-b509.11) for windows-amd64 JRE (21.0.3+-12282718-b509.11), built on 2024-08-27T17:34:15Z by "builder" with MS VC++ 16.10 / 16.11 (VS2019)

END.
